Build started 12/1/2015 10:12:23 AM.
     1>Project "C:\Users\kasiah.butler\documents\visual studio 2015\Projects\DunBrawl\DunBrawl\DunBrawl.vcxproj" on node 2 (Build target(s)).
     1>ClCompile:
         C:\Program Files (x86)\Microsoft Visual Studio 14.0\VC\bin\CL.exe /c /ZI /nologo /W3 /WX- /sdl /Od /Oy- /D _MBCS /Gm /EHsc /RTC1 /MDd /GS /fp:precise /Zc:wchar_t /Zc:forScope /Zc:inline /Fo"Debug\\" /Fd"Debug\vc140.pdb" /Gd /TP /analyze- /errorReport:prompt GameState.cpp
         GameState.cpp
     1>c:\users\kasiah.butler\documents\visual studio 2015\projects\dunbrawl\dunbrawl\gamestate.cpp(10): warning C4018: '<': signed/unsigned mismatch
     1>c:\users\kasiah.butler\documents\visual studio 2015\projects\dunbrawl\dunbrawl\gamestate.cpp(23): warning C4018: '<': signed/unsigned mismatch
     1>c:\users\kasiah.butler\documents\visual studio 2015\projects\dunbrawl\dunbrawl\gamestate.cpp(74): warning C4018: '<': signed/unsigned mismatch
     1>c:\users\kasiah.butler\documents\visual studio 2015\projects\dunbrawl\dunbrawl\gamestate.cpp(93): warning C4018: '<': signed/unsigned mismatch
     1>c:\users\kasiah.butler\documents\visual studio 2015\projects\dunbrawl\dunbrawl\gamestate.cpp(98): warning C4018: '<': signed/unsigned mismatch
     1>c:\users\kasiah.butler\documents\visual studio 2015\projects\dunbrawl\dunbrawl\gamestate.cpp(114): warning C4018: '<': signed/unsigned mismatch
     1>c:\users\kasiah.butler\documents\visual studio 2015\projects\dunbrawl\dunbrawl\gamestate.cpp(123): warning C4018: '<': signed/unsigned mismatch
       Link:
         C:\Program Files (x86)\Microsoft Visual Studio 14.0\VC\bin\link.exe /ERRORREPORT:PROMPT /OUT:"C:\Users\kasiah.butler\documents\visual studio 2015\Projects\DunBrawl\Debug\DunBrawl.exe" /INCREMENTAL /NOLOGO sfw_d.lib kernel32.lib user32.lib gdi32.lib winspool.lib comdlg32.lib advapi32.lib shell32.lib ole32.lib oleaut32.lib uuid.lib odbc32.lib odbccp32.lib /MANIFEST /MANIFESTUAC:"level='asInvoker' uiAccess='false'" /manifest:embed /Debug /PDB:"C:\Users\kasiah.butler\documents\visual studio 2015\Projects\DunBrawl\Debug\DunBrawl.pdb" /TLBID:1 /DYNAMICBASE /NXCOMPAT /IMPLIB:"C:\Users\kasiah.butler\documents\visual studio 2015\Projects\DunBrawl\Debug\DunBrawl.lib" /MACHINE:X86 Debug\AssetManager.obj
         Debug\collisiontests.obj
         Debug\Enemy.obj
         Debug\GameState.obj
         Debug\Main.obj
         Debug\Player.obj
         Debug\Spear.obj
     1>sfw_d.lib(gl_core_4_4.obj) : warning LNK4099: PDB 'nsfw2draw.pdb' was not found with 'sfw_d.lib(gl_core_4_4.obj)' or at 'C:\Users\kasiah.butler\documents\visual studio 2015\Projects\DunBrawl\Debug\nsfw2draw.pdb'; linking object as if no debug info
     1>sfw_d.lib(crenderutils.obj) : warning LNK4099: PDB 'nsfw2draw.pdb' was not found with 'sfw_d.lib(crenderutils.obj)' or at 'C:\Users\kasiah.butler\documents\visual studio 2015\Projects\DunBrawl\Debug\nsfw2draw.pdb'; linking object as if no debug info
     1>sfw_d.lib(sfwdraw.obj) : warning LNK4099: PDB 'nsfw2draw.pdb' was not found with 'sfw_d.lib(sfwdraw.obj)' or at 'C:\Users\kasiah.butler\documents\visual studio 2015\Projects\DunBrawl\Debug\nsfw2draw.pdb'; linking object as if no debug info
     1>sfw_d.lib(wgl_context.obj) : warning LNK4099: PDB 'glfw.pdb' was not found with 'sfw_d.lib(wgl_context.obj)' or at 'C:\Users\kasiah.butler\documents\visual studio 2015\Projects\DunBrawl\Debug\glfw.pdb'; linking object as if no debug info
     1>sfw_d.lib(winmm_joystick.obj) : warning LNK4099: PDB 'glfw.pdb' was not found with 'sfw_d.lib(winmm_joystick.obj)' or at 'C:\Users\kasiah.butler\documents\visual studio 2015\Projects\DunBrawl\Debug\glfw.pdb'; linking object as if no debug info
     1>sfw_d.lib(win32_window.obj) : warning LNK4099: PDB 'glfw.pdb' was not found with 'sfw_d.lib(win32_window.obj)' or at 'C:\Users\kasiah.butler\documents\visual studio 2015\Projects\DunBrawl\Debug\glfw.pdb'; linking object as if no debug info
     1>sfw_d.lib(win32_tls.obj) : warning LNK4099: PDB 'glfw.pdb' was not found with 'sfw_d.lib(win32_tls.obj)' or at 'C:\Users\kasiah.butler\documents\visual studio 2015\Projects\DunBrawl\Debug\glfw.pdb'; linking object as if no debug info
     1>sfw_d.lib(win32_time.obj) : warning LNK4099: PDB 'glfw.pdb' was not found with 'sfw_d.lib(win32_time.obj)' or at 'C:\Users\kasiah.butler\documents\visual studio 2015\Projects\DunBrawl\Debug\glfw.pdb'; linking object as if no debug info
     1>sfw_d.lib(win32_monitor.obj) : warning LNK4099: PDB 'glfw.pdb' was not found with 'sfw_d.lib(win32_monitor.obj)' or at 'C:\Users\kasiah.butler\documents\visual studio 2015\Projects\DunBrawl\Debug\glfw.pdb'; linking object as if no debug info
     1>sfw_d.lib(win32_init.obj) : warning LNK4099: PDB 'glfw.pdb' was not found with 'sfw_d.lib(win32_init.obj)' or at 'C:\Users\kasiah.butler\documents\visual studio 2015\Projects\DunBrawl\Debug\glfw.pdb'; linking object as if no debug info
     1>sfw_d.lib(window.obj) : warning LNK4099: PDB 'glfw.pdb' was not found with 'sfw_d.lib(window.obj)' or at 'C:\Users\kasiah.butler\documents\visual studio 2015\Projects\DunBrawl\Debug\glfw.pdb'; linking object as if no debug info
     1>sfw_d.lib(monitor.obj) : warning LNK4099: PDB 'glfw.pdb' was not found with 'sfw_d.lib(monitor.obj)' or at 'C:\Users\kasiah.butler\documents\visual studio 2015\Projects\DunBrawl\Debug\glfw.pdb'; linking object as if no debug info
     1>sfw_d.lib(input.obj) : warning LNK4099: PDB 'glfw.pdb' was not found with 'sfw_d.lib(input.obj)' or at 'C:\Users\kasiah.butler\documents\visual studio 2015\Projects\DunBrawl\Debug\glfw.pdb'; linking object as if no debug info
     1>sfw_d.lib(init.obj) : warning LNK4099: PDB 'glfw.pdb' was not found with 'sfw_d.lib(init.obj)' or at 'C:\Users\kasiah.butler\documents\visual studio 2015\Projects\DunBrawl\Debug\glfw.pdb'; linking object as if no debug info
     1>sfw_d.lib(context.obj) : warning LNK4099: PDB 'glfw.pdb' was not found with 'sfw_d.lib(context.obj)' or at 'C:\Users\kasiah.butler\documents\visual studio 2015\Projects\DunBrawl\Debug\glfw.pdb'; linking object as if no debug info
         DunBrawl.vcxproj -> C:\Users\kasiah.butler\documents\visual studio 2015\Projects\DunBrawl\Debug\DunBrawl.exe
     1>Done Building Project "C:\Users\kasiah.butler\documents\visual studio 2015\Projects\DunBrawl\DunBrawl\DunBrawl.vcxproj" (Build target(s)).

Build succeeded.

Time Elapsed 00:00:01.04
