Build started 12/1/2015 10:47:50 AM.
     1>Project "C:\Users\kasiah.butler\documents\visual studio 2015\Projects\DunBrawl\DunBrawl\DunBrawl.vcxproj" on node 2 (Build target(s)).
     1>ClCompile:
         C:\Program Files (x86)\Microsoft Visual Studio 14.0\VC\bin\CL.exe /c /Zi /nologo /W3 /WX- /sdl /O2 /Oi /Oy- /GL /D _MBCS /Gm- /EHsc /MD /GS /Gy /fp:precise /Zc:wchar_t /Zc:forScope /Zc:inline /Fo"Release\\" /Fd"Release\vc140.pdb" /Gd /TP /analyze- /errorReport:prompt GameState.cpp Main.cpp Player.cpp
         GameState.cpp
     1>GameState.cpp(11): warning C4018: '<': signed/unsigned mismatch
     1>GameState.cpp(24): warning C4018: '<': signed/unsigned mismatch
     1>GameState.cpp(75): warning C4018: '<': signed/unsigned mismatch
     1>GameState.cpp(94): warning C4018: '<': signed/unsigned mismatch
     1>GameState.cpp(99): warning C4018: '<': signed/unsigned mismatch
     1>GameState.cpp(115): warning C4018: '<': signed/unsigned mismatch
     1>GameState.cpp(124): warning C4018: '<': signed/unsigned mismatch
         Main.cpp
         Player.cpp
       Link:
         C:\Program Files (x86)\Microsoft Visual Studio 14.0\VC\bin\link.exe /ERRORREPORT:PROMPT /OUT:"C:\Users\kasiah.butler\documents\visual studio 2015\Projects\DunBrawl\Release\DunBrawl.exe" /NOLOGO sfw.lib kernel32.lib user32.lib gdi32.lib winspool.lib comdlg32.lib advapi32.lib shell32.lib ole32.lib oleaut32.lib uuid.lib odbc32.lib odbccp32.lib kernel32.lib user32.lib gdi32.lib winspool.lib comdlg32.lib advapi32.lib shell32.lib ole32.lib oleaut32.lib uuid.lib odbc32.lib odbccp32.lib /MANIFEST /MANIFESTUAC:"level='asInvoker' uiAccess='false'" /manifest:embed /Debug /PDB:"C:\Users\kasiah.butler\documents\visual studio 2015\Projects\DunBrawl\Release\DunBrawl.pdb" /OPT:REF /OPT:ICF /LTCG:incremental /TLBID:1 /DYNAMICBASE /NXCOMPAT /IMPLIB:"C:\Users\kasiah.butler\documents\visual studio 2015\Projects\DunBrawl\Release\DunBrawl.lib" /MACHINE:X86 /SAFESEH Release\AssetManager.obj
         Release\collisiontests.obj
         Release\Enemy.obj
         Release\GameState.obj
         Release\Main.obj
         Release\Player.obj
         Release\Spear.obj
         Generating code
         0 of 1689 functions ( 0.0%) were compiled, the rest were copied from previous compilation.
           0 functions were new in current compilation
           0 functions had inline decision re-evaluated but remain unchanged
         Finished generating code
     1>sfw.lib(sfwdraw.obj) : warning LNK4099: PDB 'nsfw2draw.pdb' was not found with 'sfw.lib(sfwdraw.obj)' or at 'C:\Users\kasiah.butler\documents\visual studio 2015\Projects\DunBrawl\Release\nsfw2draw.pdb'; linking object as if no debug info
     1>sfw.lib(gl_core_4_4.obj) : warning LNK4099: PDB 'nsfw2draw.pdb' was not found with 'sfw.lib(gl_core_4_4.obj)' or at 'C:\Users\kasiah.butler\documents\visual studio 2015\Projects\DunBrawl\Release\nsfw2draw.pdb'; linking object as if no debug info
     1>sfw.lib(crenderutils.obj) : warning LNK4099: PDB 'nsfw2draw.pdb' was not found with 'sfw.lib(crenderutils.obj)' or at 'C:\Users\kasiah.butler\documents\visual studio 2015\Projects\DunBrawl\Release\nsfw2draw.pdb'; linking object as if no debug info
         DunBrawl.vcxproj -> C:\Users\kasiah.butler\documents\visual studio 2015\Projects\DunBrawl\Release\DunBrawl.exe
     1>Done Building Project "C:\Users\kasiah.butler\documents\visual studio 2015\Projects\DunBrawl\DunBrawl\DunBrawl.vcxproj" (Build target(s)).

Build succeeded.

Time Elapsed 00:00:02.83
